<?xml version="1.0" encoding="UTF-8"?>
<!-- Generated by org.testng.reporters.JUnitReportReporter -->
<testsuite hostname="LAPTOP-KTI91PVV" failures="0" tests="2" name="testCaseRepo.TC_001" time="37.950" errors="0" timestamp="2025-03-27T14:42:31 IST" skipped="0">
  <testcase classname="testCaseRepo.TC_001" name="demo" time="10.386">
    <system-out>
      <![CDATA[demo->On Test start
demo->On Test success]]>
    </system-out>
  </testcase> <!-- demo -->
  <testcase classname="testCaseRepo.TC_001" name="LE_OO1" time="27.564">
    <system-out>
      <![CDATA[LE_OO1->On Test start
LE_OO1->On Test success]]>
    </system-out>
  </testcase> <!-- LE_OO1 -->
  <system-out>
    <![CDATA[LE_OO1->On Test start
LE_OO1->On Test success
demo->On Test start
demo->On Test success]]>
  </system-out>
</testsuite> <!-- testCaseRepo.TC_001 -->
