<?xml version="1.0" encoding="UTF-8"?>
<!-- Generated by org.testng.reporters.JUnitReportReporter -->
<testsuite hostname="LAPTOP-KTI91PVV" failures="0" tests="5" name="Sample.TestNGPractice" time="0.024" errors="0" timestamp="2025-03-25T15:52:17 IST" skipped="1">
  <testcase classname="Sample.TestNGPractice" name="createUser" time="0.000"/>
  <testcase classname="Sample.TestNGPractice" name="createUser" time="0.022"/>
  <testcase classname="Sample.TestNGPractice" name="createUser" time="0.002"/>
  <testcase classname="Sample.TestNGPractice" name="modifyUser" time="0.000"/>
  <testcase classname="Sample.TestNGPractice" name="deleteUser">
    <skipped/>
  </testcase> <!-- deleteUser -->
</testsuite> <!-- Sample.TestNGPractice -->
