<?xml version="1.0" encoding="UTF-8"?>
<!-- Generated by org.testng.reporters.JUnitReportReporter -->
<testsuite hostname="LAPTOP-KTI91PVV" failures="0" tests="1" name="testCaseRepo.TC_002" time="92.151" errors="0" timestamp="2025-03-27T14:59:00 IST" skipped="0">
  <testcase classname="testCaseRepo.TC_002" name="LE_002" time="92.151">
    <system-out>
      <![CDATA[LE_002->On Test start
LE_002->On Test success]]>
    </system-out>
  </testcase> <!-- LE_002 -->
  <system-out>
    <![CDATA[LE_OO1->On Test start
Con_001->On Test start
Con_003->On Test start
LE_002->On Test start
Con_002->On Test start
LE_OO1->On Test success
Con_002->On Test success
Con_001->On Test success
Con_003->On Test success
LE_002->On Test success
demo->On Test start
demo->On Test success]]>
  </system-out>
</testsuite> <!-- testCaseRepo.TC_002 -->
