<?xml version="1.0" encoding="UTF-8"?>
<!-- Generated by org.testng.reporters.JUnitReportReporter -->
<testsuite hostname="LAPTOP-KTI91PVV" failures="0" tests="2" name="testCaseRepo.TC_001" time="105.104" errors="0" timestamp="2025-03-27T14:59:00 IST" skipped="0">
  <testcase classname="testCaseRepo.TC_001" name="LE_OO1" time="82.702">
    <system-out>
      <![CDATA[LE_OO1->On Test start
LE_OO1->On Test success]]>
    </system-out>
  </testcase> <!-- LE_OO1 -->
  <testcase classname="testCaseRepo.TC_001" name="demo" time="22.402">
    <system-out>
      <![CDATA[demo->On Test start
demo->On Test success]]>
    </system-out>
  </testcase> <!-- demo -->
  <system-out>
    <![CDATA[LE_OO1->On Test start
Con_001->On Test start
Con_003->On Test start
LE_002->On Test start
Con_002->On Test start
LE_OO1->On Test success
Con_002->On Test success
Con_001->On Test success
Con_003->On Test success
LE_002->On Test success
demo->On Test start
demo->On Test success]]>
  </system-out>
</testsuite> <!-- testCaseRepo.TC_001 -->
